======================================================
 量子ハンター (完全PyTorch統合版) Step: 0.01
 Device: cuda | Seed: 42
======================================================

Epoch   1 | Cost: 3.181477 | Acc: 16.00% (Best: 16.00% @ Ep1) | Rev: 0/10
Epoch   2 | Cost: 2.273702 | Acc: 22.00% (Best: 22.00% @ Ep2) | Rev: 0/10
Epoch   3 | Cost: 2.036321 | Acc: 26.67% (Best: 26.67% @ Ep3) | Rev: 0/10
Epoch   4 | Cost: 1.885474 | Acc: 29.67% (Best: 29.67% @ Ep4) | Rev: 0/10
Epoch   5 | Cost: 1.807487 | Acc: 30.67% (Best: 30.67% @ Ep5) | Rev: 0/10
Epoch   6 | Cost: 1.759342 | Acc: 32.33% (Best: 32.33% @ Ep6) | Rev: 0/10
Epoch   7 | Cost: 1.711621 | Acc: 31.67% (Best: 32.33% @ Ep6) | Rev: 0/10
Epoch   8 | Cost: 1.683018 | Acc: 30.33% (Best: 32.33% @ Ep6) | Rev: 0/10
Epoch   9 | Cost: 1.655477 | Acc: 30.67% (Best: 32.33% @ Ep6) | Rev: 0/10
Epoch  10 | Cost: 1.621671 | Acc: 31.67% (Best: 32.33% @ Ep6) | Rev: 0/10
Epoch  11 | Cost: 1.586155 | Acc: 33.67% (Best: 33.67% @ Ep11) | Rev: 0/10
Epoch  12 | Cost: 1.558201 | Acc: 34.33% (Best: 34.33% @ Ep12) | Rev: 0/10
Epoch  13 | Cost: 1.529688 | Acc: 36.67% (Best: 36.67% @ Ep13) | Rev: 0/10
Epoch  14 | Cost: 1.515069 | Acc: 37.67% (Best: 37.67% @ Ep14) | Rev: 0/10
Epoch  15 | Cost: 1.512698 | Acc: 38.33% (Best: 38.33% @ Ep15) | Rev: 0/10
Epoch  16 | Cost: 1.515199 | Acc: 40.00% (Best: 40.00% @ Ep16) | Rev: 1/10
Epoch  17 | Cost: 1.531487 | Acc: 38.67% (Best: 40.00% @ Ep16) | Rev: 2/10
Epoch  18 | Cost: 1.539515 | Acc: 39.33% (Best: 40.00% @ Ep16) | Rev: 3/10
Epoch  19 | Cost: 1.555700 | Acc: 41.00% (Best: 41.00% @ Ep19) | Rev: 4/10
Epoch  20 | Cost: 1.551328 | Acc: 38.67% (Best: 41.00% @ Ep19) | Rev: 0/10
Epoch  21 | Cost: 1.533371 | Acc: 37.00% (Best: 41.00% @ Ep19) | Rev: 0/10
Epoch  22 | Cost: 1.439491 | Acc: 41.33% (Best: 41.33% @ Ep22) | Rev: 0/10
Epoch  23 | Cost: 1.401285 | Acc: 41.33% (Best: 41.33% @ Ep22) | Rev: 0/10
Epoch  24 | Cost: 1.291240 | Acc: 41.67% (Best: 41.67% @ Ep24) | Rev: 0/10
Epoch  25 | Cost: 1.244346 | Acc: 41.67% (Best: 41.67% @ Ep24) | Rev: 0/10
Epoch  26 | Cost: 1.209563 | Acc: 41.67% (Best: 41.67% @ Ep24) | Rev: 0/10
Epoch  27 | Cost: 1.184586 | Acc: 44.33% (Best: 44.33% @ Ep27) | Rev: 0/10
Epoch  28 | Cost: 1.174907 | Acc: 42.67% (Best: 44.33% @ Ep27) | Rev: 0/10
Epoch  29 | Cost: 1.179486 | Acc: 45.00% (Best: 45.00% @ Ep29) | Rev: 1/10
Epoch  30 | Cost: 1.183874 | Acc: 45.67% (Best: 45.67% @ Ep30) | Rev: 2/10
Epoch  31 | Cost: 1.173920 | Acc: 46.67% (Best: 46.67% @ Ep31) | Rev: 0/10
Epoch  32 | Cost: 1.154004 | Acc: 48.67% (Best: 48.67% @ Ep32) | Rev: 0/10
Epoch  33 | Cost: 1.135130 | Acc: 48.67% (Best: 48.67% @ Ep32) | Rev: 0/10
Epoch  34 | Cost: 1.119633 | Acc: 48.67% (Best: 48.67% @ Ep32) | Rev: 0/10
Epoch  35 | Cost: 1.105337 | Acc: 48.33% (Best: 48.67% @ Ep32) | Rev: 0/10
Epoch  36 | Cost: 1.092580 | Acc: 48.00% (Best: 48.67% @ Ep32) | Rev: 0/10
Epoch  37 | Cost: 1.099168 | Acc: 49.00% (Best: 49.00% @ Ep37) | Rev: 1/10
Epoch  38 | Cost: 1.080969 | Acc: 49.00% (Best: 49.00% @ Ep37) | Rev: 0/10
Epoch  39 | Cost: 1.080257 | Acc: 49.33% (Best: 49.33% @ Ep39) | Rev: 0/10
Epoch  40 | Cost: 1.078077 | Acc: 49.33% (Best: 49.33% @ Ep39) | Rev: 0/10
Epoch  41 | Cost: 1.075197 | Acc: 50.33% (Best: 50.33% @ Ep41) | Rev: 0/10
Epoch  42 | Cost: 1.071915 | Acc: 50.00% (Best: 50.33% @ Ep41) | Rev: 0/10
Epoch  43 | Cost: 1.074795 | Acc: 50.67% (Best: 50.67% @ Ep43) | Rev: 1/10
Epoch  44 | Cost: 1.076518 | Acc: 50.67% (Best: 50.67% @ Ep43) | Rev: 2/10
Epoch  45 | Cost: 1.074354 | Acc: 51.67% (Best: 51.67% @ Ep45) | Rev: 0/10
Epoch  46 | Cost: 1.076046 | Acc: 51.33% (Best: 51.67% @ Ep45) | Rev: 1/10
Epoch  47 | Cost: 1.081630 | Acc: 49.67% (Best: 51.67% @ Ep45) | Rev: 2/10
Epoch  48 | Cost: 1.081263 | Acc: 50.00% (Best: 51.67% @ Ep45) | Rev: 0/10
Epoch  49 | Cost: 1.061489 | Acc: 51.67% (Best: 51.67% @ Ep45) | Rev: 0/10
Epoch  50 | Cost: 1.019700 | Acc: 51.33% (Best: 51.67% @ Ep45) | Rev: 0/10
Epoch  51 | Cost: 0.983961 | Acc: 51.67% (Best: 51.67% @ Ep45) | Rev: 0/10
Epoch  52 | Cost: 0.975723 | Acc: 54.00% (Best: 54.00% @ Ep52) | Rev: 0/10
Epoch  53 | Cost: 0.971653 | Acc: 53.67% (Best: 54.00% @ Ep52) | Rev: 0/10
Epoch  54 | Cost: 0.970175 | Acc: 53.67% (Best: 54.00% @ Ep52) | Rev: 0/10
Epoch  55 | Cost: 0.966029 | Acc: 53.33% (Best: 54.00% @ Ep52) | Rev: 0/10
Epoch  56 | Cost: 0.959043 | Acc: 52.67% (Best: 54.00% @ Ep52) | Rev: 0/10
Epoch  57 | Cost: 0.958453 | Acc: 53.33% (Best: 54.00% @ Ep52) | Rev: 0/10
Epoch  58 | Cost: 0.959365 | Acc: 52.67% (Best: 54.00% @ Ep52) | Rev: 1/10
Epoch  59 | Cost: 0.953156 | Acc: 52.00% (Best: 54.00% @ Ep52) | Rev: 0/10
Epoch  60 | Cost: 0.955122 | Acc: 53.67% (Best: 54.00% @ Ep52) | Rev: 1/10
Epoch  61 | Cost: 0.950847 | Acc: 53.67% (Best: 54.00% @ Ep52) | Rev: 0/10
Epoch  62 | Cost: 0.949547 | Acc: 54.00% (Best: 54.00% @ Ep52) | Rev: 0/10
Epoch  63 | Cost: 0.949024 | Acc: 52.67% (Best: 54.00% @ Ep52) | Rev: 0/10
Epoch  64 | Cost: 0.948294 | Acc: 53.00% (Best: 54.00% @ Ep52) | Rev: 0/10
Epoch  65 | Cost: 0.946174 | Acc: 53.00% (Best: 54.00% @ Ep52) | Rev: 0/10
Epoch  66 | Cost: 0.942956 | Acc: 53.00% (Best: 54.00% @ Ep52) | Rev: 0/10
Epoch  67 | Cost: 0.942604 | Acc: 53.00% (Best: 54.00% @ Ep52) | Rev: 0/10
Epoch  68 | Cost: 0.942209 | Acc: 53.33% (Best: 54.00% @ Ep52) | Rev: 0/10
Epoch  69 | Cost: 0.940817 | Acc: 52.67% (Best: 54.00% @ Ep52) | Rev: 0/10
Epoch  70 | Cost: 0.940882 | Acc: 52.33% (Best: 54.00% @ Ep52) | Rev: 1/10
Epoch  71 | Cost: 0.935916 | Acc: 52.67% (Best: 54.00% @ Ep52) | Rev: 0/10
Epoch  72 | Cost: 0.934957 | Acc: 52.33% (Best: 54.00% @ Ep52) | Rev: 0/10
Epoch  73 | Cost: 0.934926 | Acc: 52.33% (Best: 54.00% @ Ep52) | Rev: 0/10
Epoch  74 | Cost: 0.931290 | Acc: 52.33% (Best: 54.00% @ Ep52) | Rev: 0/10
Epoch  75 | Cost: 0.927705 | Acc: 52.00% (Best: 54.00% @ Ep52) | Rev: 0/10
Epoch  76 | Cost: 0.927254 | Acc: 51.67% (Best: 54.00% @ Ep52) | Rev: 0/10
Epoch  77 | Cost: 0.924322 | Acc: 52.67% (Best: 54.00% @ Ep52) | Rev: 0/10
Epoch  78 | Cost: 0.921616 | Acc: 51.33% (Best: 54.00% @ Ep52) | Rev: 0/10
Epoch  79 | Cost: 0.917982 | Acc: 50.67% (Best: 54.00% @ Ep52) | Rev: 0/10
Epoch  80 | Cost: 0.913909 | Acc: 50.33% (Best: 54.00% @ Ep52) | Rev: 0/10
Epoch  81 | Cost: 0.914061 | Acc: 50.67% (Best: 54.00% @ Ep52) | Rev: 1/10
Epoch  82 | Cost: 0.911735 | Acc: 51.33% (Best: 54.00% @ Ep52) | Rev: 0/10
Epoch  83 | Cost: 0.904859 | Acc: 51.00% (Best: 54.00% @ Ep52) | Rev: 0/10
Epoch  84 | Cost: 0.904310 | Acc: 52.33% (Best: 54.00% @ Ep52) | Rev: 0/10
Epoch  85 | Cost: 0.902395 | Acc: 51.67% (Best: 54.00% @ Ep52) | Rev: 0/10
Epoch  86 | Cost: 0.900701 | Acc: 53.33% (Best: 54.00% @ Ep52) | Rev: 0/10
Epoch  87 | Cost: 0.895158 | Acc: 52.67% (Best: 54.00% @ Ep52) | Rev: 0/10
Epoch  88 | Cost: 0.892524 | Acc: 52.33% (Best: 54.00% @ Ep52) | Rev: 0/10
Epoch  89 | Cost: 0.890235 | Acc: 53.67% (Best: 54.00% @ Ep52) | Rev: 0/10
Epoch  90 | Cost: 0.886283 | Acc: 52.67% (Best: 54.00% @ Ep52) | Rev: 0/10
Epoch  91 | Cost: 0.884816 | Acc: 53.67% (Best: 54.00% @ Ep52) | Rev: 0/10
Epoch  92 | Cost: 0.881185 | Acc: 53.67% (Best: 54.00% @ Ep52) | Rev: 0/10
Epoch  93 | Cost: 0.874480 | Acc: 52.33% (Best: 54.00% @ Ep52) | Rev: 0/10
Epoch  94 | Cost: 0.873984 | Acc: 53.00% (Best: 54.00% @ Ep52) | Rev: 0/10
Epoch  95 | Cost: 0.869649 | Acc: 53.67% (Best: 54.00% @ Ep52) | Rev: 0/10
Epoch  96 | Cost: 0.868779 | Acc: 53.33% (Best: 54.00% @ Ep52) | Rev: 0/10
Epoch  97 | Cost: 0.867450 | Acc: 54.67% (Best: 54.67% @ Ep97) | Rev: 0/10
Epoch  98 | Cost: 0.868305 | Acc: 55.00% (Best: 55.00% @ Ep98) | Rev: 1/10
Epoch  99 | Cost: 0.867735 | Acc: 54.33% (Best: 55.00% @ Ep98) | Rev: 0/10
Epoch 100 | Cost: 0.866669 | Acc: 55.33% (Best: 55.33% @ Ep100) | Rev: 0/10
Epoch 101 | Cost: 0.865754 | Acc: 55.33% (Best: 55.33% @ Ep100) | Rev: 0/10
Epoch 102 | Cost: 0.859359 | Acc: 55.33% (Best: 55.33% @ Ep100) | Rev: 0/10
Epoch 103 | Cost: 0.858780 | Acc: 55.33% (Best: 55.33% @ Ep100) | Rev: 0/10
Epoch 104 | Cost: 0.857140 | Acc: 55.00% (Best: 55.33% @ Ep100) | Rev: 0/10
Epoch 105 | Cost: 0.859520 | Acc: 55.67% (Best: 55.67% @ Ep105) | Rev: 1/10
Epoch 106 | Cost: 0.855919 | Acc: 56.00% (Best: 56.00% @ Ep106) | Rev: 0/10
Epoch 107 | Cost: 0.853893 | Acc: 56.67% (Best: 56.67% @ Ep107) | Rev: 0/10
Epoch 108 | Cost: 0.853419 | Acc: 57.00% (Best: 57.00% @ Ep108) | Rev: 0/10
Epoch 109 | Cost: 0.852473 | Acc: 56.67% (Best: 57.00% @ Ep108) | Rev: 0/10
Epoch 110 | Cost: 0.847031 | Acc: 58.33% (Best: 58.33% @ Ep110) | Rev: 0/10
Epoch 111 | Cost: 0.846520 | Acc: 56.33% (Best: 58.33% @ Ep110) | Rev: 0/10
Epoch 112 | Cost: 0.844903 | Acc: 57.33% (Best: 58.33% @ Ep110) | Rev: 0/10
Epoch 113 | Cost: 0.841894 | Acc: 57.33% (Best: 58.33% @ Ep110) | Rev: 0/10
Epoch 114 | Cost: 0.841433 | Acc: 56.67% (Best: 58.33% @ Ep110) | Rev: 0/10
Epoch 115 | Cost: 0.837577 | Acc: 56.67% (Best: 58.33% @ Ep110) | Rev: 0/10
Epoch 116 | Cost: 0.835598 | Acc: 56.67% (Best: 58.33% @ Ep110) | Rev: 0/10
Epoch 117 | Cost: 0.834547 | Acc: 57.00% (Best: 58.33% @ Ep110) | Rev: 0/10
Epoch 118 | Cost: 0.835758 | Acc: 56.33% (Best: 58.33% @ Ep110) | Rev: 1/10
Epoch 119 | Cost: 0.831350 | Acc: 56.67% (Best: 58.33% @ Ep110) | Rev: 0/10
Epoch 120 | Cost: 0.833290 | Acc: 56.33% (Best: 58.33% @ Ep110) | Rev: 1/10
Epoch 121 | Cost: 0.829980 | Acc: 56.33% (Best: 58.33% @ Ep110) | Rev: 0/10
Epoch 122 | Cost: 0.830910 | Acc: 56.33% (Best: 58.33% @ Ep110) | Rev: 1/10
Epoch 123 | Cost: 0.829495 | Acc: 56.00% (Best: 58.33% @ Ep110) | Rev: 0/10
Epoch 124 | Cost: 0.828552 | Acc: 56.33% (Best: 58.33% @ Ep110) | Rev: 0/10
Epoch 125 | Cost: 0.827518 | Acc: 56.67% (Best: 58.33% @ Ep110) | Rev: 0/10
Epoch 126 | Cost: 0.823977 | Acc: 58.00% (Best: 58.33% @ Ep110) | Rev: 0/10
Epoch 127 | Cost: 0.826426 | Acc: 57.00% (Best: 58.33% @ Ep110) | Rev: 1/10
Epoch 128 | Cost: 0.826093 | Acc: 57.67% (Best: 58.33% @ Ep110) | Rev: 0/10
Epoch 129 | Cost: 0.825124 | Acc: 57.33% (Best: 58.33% @ Ep110) | Rev: 0/10
Epoch 130 | Cost: 0.823886 | Acc: 58.00% (Best: 58.33% @ Ep110) | Rev: 0/10
Epoch 131 | Cost: 0.828448 | Acc: 57.67% (Best: 58.33% @ Ep110) | Rev: 1/10
Epoch 132 | Cost: 0.828092 | Acc: 58.33% (Best: 58.33% @ Ep110) | Rev: 0/10
Epoch 133 | Cost: 0.830349 | Acc: 58.33% (Best: 58.33% @ Ep110) | Rev: 1/10
Epoch 134 | Cost: 0.828651 | Acc: 58.67% (Best: 58.67% @ Ep134) | Rev: 0/10
Epoch 135 | Cost: 0.826143 | Acc: 58.67% (Best: 58.67% @ Ep134) | Rev: 0/10
Epoch 136 | Cost: 0.828991 | Acc: 58.33% (Best: 58.67% @ Ep134) | Rev: 1/10
Epoch 137 | Cost: 0.823262 | Acc: 59.00% (Best: 59.00% @ Ep137) | Rev: 0/10
Epoch 138 | Cost: 0.818704 | Acc: 59.33% (Best: 59.33% @ Ep138) | Rev: 0/10
Epoch 139 | Cost: 0.818069 | Acc: 58.33% (Best: 59.33% @ Ep138) | Rev: 0/10
Epoch 140 | Cost: 0.818069 | Acc: 59.00% (Best: 59.33% @ Ep138) | Rev: 0/10
Epoch 141 | Cost: 0.819314 | Acc: 58.33% (Best: 59.33% @ Ep138) | Rev: 1/10
Epoch 142 | Cost: 0.818171 | Acc: 58.00% (Best: 59.33% @ Ep138) | Rev: 0/10
Epoch 143 | Cost: 0.815230 | Acc: 59.00% (Best: 59.33% @ Ep138) | Rev: 0/10
Epoch 144 | Cost: 0.819130 | Acc: 58.67% (Best: 59.33% @ Ep138) | Rev: 1/10
Epoch 145 | Cost: 0.821244 | Acc: 58.00% (Best: 59.33% @ Ep138) | Rev: 2/10
Epoch 146 | Cost: 0.820067 | Acc: 58.33% (Best: 59.33% @ Ep138) | Rev: 0/10
Epoch 147 | Cost: 0.819466 | Acc: 58.33% (Best: 59.33% @ Ep138) | Rev: 0/10
Epoch 148 | Cost: 0.817779 | Acc: 58.33% (Best: 59.33% @ Ep138) | Rev: 0/10
Epoch 149 | Cost: 0.817398 | Acc: 57.67% (Best: 59.33% @ Ep138) | Rev: 0/10
Epoch 150 | Cost: 0.817253 | Acc: 57.67% (Best: 59.33% @ Ep138) | Rev: 0/10
Epoch 151 | Cost: 0.814977 | Acc: 58.00% (Best: 59.33% @ Ep138) | Rev: 0/10
Epoch 152 | Cost: 0.814938 | Acc: 58.00% (Best: 59.33% @ Ep138) | Rev: 0/10
Epoch 153 | Cost: 0.817144 | Acc: 58.67% (Best: 59.33% @ Ep138) | Rev: 1/10
Epoch 154 | Cost: 0.816159 | Acc: 59.00% (Best: 59.33% @ Ep138) | Rev: 0/10
Epoch 155 | Cost: 0.816878 | Acc: 59.00% (Best: 59.33% @ Ep138) | Rev: 1/10
Epoch 156 | Cost: 0.815347 | Acc: 59.00% (Best: 59.33% @ Ep138) | Rev: 0/10
Epoch 157 | Cost: 0.817418 | Acc: 59.00% (Best: 59.33% @ Ep138) | Rev: 1/10
Epoch 158 | Cost: 0.816424 | Acc: 59.33% (Best: 59.33% @ Ep138) | Rev: 0/10
Epoch 159 | Cost: 0.813017 | Acc: 59.33% (Best: 59.33% @ Ep138) | Rev: 0/10
Epoch 160 | Cost: 0.812944 | Acc: 59.67% (Best: 59.67% @ Ep160) | Rev: 0/10
Epoch 161 | Cost: 0.812975 | Acc: 59.67% (Best: 59.67% @ Ep160) | Rev: 1/10
Epoch 162 | Cost: 0.813853 | Acc: 60.33% (Best: 60.33% @ Ep162) | Rev: 2/10
Epoch 163 | Cost: 0.813747 | Acc: 61.00% (Best: 61.00% @ Ep163) | Rev: 0/10
Epoch 164 | Cost: 0.813153 | Acc: 61.00% (Best: 61.00% @ Ep163) | Rev: 0/10
Epoch 165 | Cost: 0.815041 | Acc: 60.33% (Best: 61.00% @ Ep163) | Rev: 1/10
Epoch 166 | Cost: 0.813585 | Acc: 61.00% (Best: 61.00% @ Ep163) | Rev: 0/10
Epoch 167 | Cost: 0.813730 | Acc: 60.67% (Best: 61.00% @ Ep163) | Rev: 1/10
Epoch 168 | Cost: 0.812389 | Acc: 60.67% (Best: 61.00% @ Ep163) | Rev: 0/10
Epoch 169 | Cost: 0.808885 | Acc: 61.00% (Best: 61.00% @ Ep163) | Rev: 0/10
Epoch 170 | Cost: 0.810358 | Acc: 61.00% (Best: 61.00% @ Ep163) | Rev: 1/10
Epoch 171 | Cost: 0.810948 | Acc: 61.00% (Best: 61.00% @ Ep163) | Rev: 2/10
Epoch 172 | Cost: 0.810544 | Acc: 61.00% (Best: 61.00% @ Ep163) | Rev: 0/10
Epoch 173 | Cost: 0.811322 | Acc: 61.00% (Best: 61.00% @ Ep163) | Rev: 1/10
Epoch 174 | Cost: 0.813873 | Acc: 61.00% (Best: 61.00% @ Ep163) | Rev: 2/10
Epoch 175 | Cost: 0.813173 | Acc: 61.00% (Best: 61.00% @ Ep163) | Rev: 0/10
Epoch 176 | Cost: 0.812421 | Acc: 60.67% (Best: 61.00% @ Ep163) | Rev: 0/10
Epoch 177 | Cost: 0.813341 | Acc: 61.00% (Best: 61.00% @ Ep163) | Rev: 1/10
Epoch 178 | Cost: 0.815401 | Acc: 61.33% (Best: 61.33% @ Ep178) | Rev: 2/10
Epoch 179 | Cost: 0.814028 | Acc: 61.33% (Best: 61.33% @ Ep178) | Rev: 0/10
Epoch 180 | Cost: 0.813763 | Acc: 61.67% (Best: 61.67% @ Ep180) | Rev: 0/10
Epoch 181 | Cost: 0.815018 | Acc: 61.33% (Best: 61.67% @ Ep180) | Rev: 1/10
Epoch 182 | Cost: 0.814897 | Acc: 61.33% (Best: 61.67% @ Ep180) | Rev: 0/10
Epoch 183 | Cost: 0.814195 | Acc: 61.00% (Best: 61.67% @ Ep180) | Rev: 0/10
Epoch 184 | Cost: 0.813486 | Acc: 61.00% (Best: 61.67% @ Ep180) | Rev: 0/10
Epoch 185 | Cost: 0.812085 | Acc: 61.33% (Best: 61.67% @ Ep180) | Rev: 0/10
Epoch 186 | Cost: 0.814684 | Acc: 61.67% (Best: 61.67% @ Ep180) | Rev: 1/10
Epoch 187 | Cost: 0.813396 | Acc: 61.67% (Best: 61.67% @ Ep180) | Rev: 0/10
Epoch 188 | Cost: 0.814860 | Acc: 61.67% (Best: 61.67% @ Ep180) | Rev: 1/10
Epoch 189 | Cost: 0.813909 | Acc: 61.33% (Best: 61.67% @ Ep180) | Rev: 0/10
Epoch 190 | Cost: 0.813389 | Acc: 61.33% (Best: 61.67% @ Ep180) | Rev: 0/10
Epoch 191 | Cost: 0.813928 | Acc: 61.33% (Best: 61.67% @ Ep180) | Rev: 1/10
Epoch 192 | Cost: 0.814967 | Acc: 61.33% (Best: 61.67% @ Ep180) | Rev: 2/10
Epoch 193 | Cost: 0.814185 | Acc: 61.00% (Best: 61.67% @ Ep180) | Rev: 0/10
Epoch 194 | Cost: 0.814483 | Acc: 60.67% (Best: 61.67% @ Ep180) | Rev: 1/10
Epoch 195 | Cost: 0.812333 | Acc: 60.33% (Best: 61.67% @ Ep180) | Rev: 0/10
Epoch 196 | Cost: 0.816182 | Acc: 60.33% (Best: 61.67% @ Ep180) | Rev: 1/10
Epoch 197 | Cost: 0.811244 | Acc: 60.33% (Best: 61.67% @ Ep180) | Rev: 0/10
Epoch 198 | Cost: 0.813706 | Acc: 60.33% (Best: 61.67% @ Ep180) | Rev: 1/10
Epoch 199 | Cost: 0.811515 | Acc: 60.67% (Best: 61.67% @ Ep180) | Rev: 0/10
Epoch 200 | Cost: 0.812622 | Acc: 60.67% (Best: 61.67% @ Ep180) | Rev: 1/10
Epoch 201 | Cost: 0.811463 | Acc: 60.67% (Best: 61.67% @ Ep180) | Rev: 0/10
Epoch 202 | Cost: 0.811549 | Acc: 60.67% (Best: 61.67% @ Ep180) | Rev: 1/10
Epoch 203 | Cost: 0.811834 | Acc: 61.00% (Best: 61.67% @ Ep180) | Rev: 2/10
Epoch 204 | Cost: 0.812504 | Acc: 61.00% (Best: 61.67% @ Ep180) | Rev: 3/10
Epoch 205 | Cost: 0.813395 | Acc: 61.00% (Best: 61.67% @ Ep180) | Rev: 4/10
Epoch 206 | Cost: 0.811130 | Acc: 61.00% (Best: 61.67% @ Ep180) | Rev: 0/10
Epoch 207 | Cost: 0.813007 | Acc: 61.00% (Best: 61.67% @ Ep180) | Rev: 1/10
Epoch 208 | Cost: 0.813157 | Acc: 61.00% (Best: 61.67% @ Ep180) | Rev: 2/10
Epoch 209 | Cost: 0.812820 | Acc: 61.00% (Best: 61.67% @ Ep180) | Rev: 0/10
Epoch 210 | Cost: 0.810798 | Acc: 61.00% (Best: 61.67% @ Ep180) | Rev: 0/10
Epoch 211 | Cost: 0.811630 | Acc: 61.00% (Best: 61.67% @ Ep180) | Rev: 1/10
Epoch 212 | Cost: 0.812632 | Acc: 61.00% (Best: 61.67% @ Ep180) | Rev: 2/10
Epoch 213 | Cost: 0.813488 | Acc: 60.67% (Best: 61.67% @ Ep180) | Rev: 3/10
Epoch 214 | Cost: 0.811430 | Acc: 61.00% (Best: 61.67% @ Ep180) | Rev: 0/10
Epoch 215 | Cost: 0.812903 | Acc: 60.33% (Best: 61.67% @ Ep180) | Rev: 1/10
