======================================================
 量子ハンター 角度レシピ・チェックポイント保管庫 Step: 0.01
======================================================

=== [UPDATE] Epoch 1 | Best Acc: 23.00% ===
Model saved to: models\qml_model_20260529_102848_step_0.01_best.pt
Angles:
[-0.127 ,  0.454 ,  0.2304,  0.1059, -0.3487, -0.3371, -0.4422,  0.3719,
  0.1044,  0.2054, -0.4712,  0.4667,  0.3272, -0.2829, -0.3107, -0.3139,
 -0.191 ,  0.0154, -0.0694, -0.2009,  0.1058, -0.355 , -0.2014, -0.1295,
 -0.0427,  0.2862, -0.2958,  0.0173,  0.0895, -0.4509,  0.1074, -0.321 ,
 -0.4321,  0.4457,  0.4627,  0.3082, -0.1933, -0.3982,  0.1847, -0.0631]

=== [UPDATE] Epoch 2 | Best Acc: 26.67% ===
Model saved to: models\qml_model_20260529_102848_step_0.01_best.pt
Angles:
[-0.1227,  0.4547,  0.2313,  0.1135, -0.356 , -0.3319, -0.4414,  0.3775,
  0.1112,  0.1994, -0.4685,  0.4679,  0.3299, -0.2827, -0.3041, -0.3195,
 -0.1899,  0.0068, -0.0729, -0.1999,  0.1076, -0.3578, -0.2015, -0.1276,
 -0.0462,  0.2902, -0.2935,  0.0207,  0.0852, -0.4523,  0.1097, -0.3213,
 -0.4367,  0.4482,  0.4641,  0.311 , -0.1939, -0.3959,  0.1854, -0.0676]

=== [UPDATE] Epoch 9 | Best Acc: 31.00% ===
Model saved to: models\qml_model_20260529_102848_step_0.01_best.pt
Angles:
[-0.1006,  0.4512,  0.2396,  0.1596, -0.4033, -0.3023, -0.4623,  0.4238,
  0.1741,  0.1594, -0.4666,  0.4723,  0.3398, -0.2826, -0.2735, -0.3565,
 -0.1735, -0.0579, -0.0768, -0.2159,  0.1077, -0.3875, -0.2173, -0.128 ,
 -0.0889,  0.3013, -0.272 ,  0.0538,  0.0567, -0.4825,  0.1372, -0.3234,
 -0.4537,  0.4457,  0.4675,  0.3143, -0.1882, -0.3902,  0.2057, -0.0986]

=== [UPDATE] Epoch 11 | Best Acc: 31.33% ===
Model saved to: models\qml_model_20260529_102848_step_0.01_best.pt
Angles:
[-0.0947,  0.4511,  0.2442,  0.1693, -0.4165, -0.2943, -0.4699,  0.4357,
  0.1923,  0.1447, -0.4682,  0.4725,  0.3389, -0.2823, -0.2679, -0.3653,
 -0.1652, -0.0734, -0.0727, -0.2162,  0.105 , -0.3955, -0.2233, -0.1295,
 -0.0996,  0.3043, -0.2638,  0.0634,  0.0501, -0.4904,  0.1461, -0.3225,
 -0.4585,  0.4458,  0.4634,  0.311 , -0.1857, -0.389 ,  0.2123, -0.1075]

=== [UPDATE] Epoch 12 | Best Acc: 32.67% ===
Model saved to: models\qml_model_20260529_102848_step_0.01_best.pt
Angles:
[-0.0914,  0.4511,  0.2461,  0.1732, -0.4229, -0.2902, -0.4737,  0.4412,
  0.2012,  0.1369, -0.4693,  0.4725,  0.3381, -0.2819, -0.2649, -0.3686,
 -0.1607, -0.0809, -0.0709, -0.2157,  0.1033, -0.3992, -0.2263, -0.1301,
 -0.1049,  0.3054, -0.2603,  0.0681,  0.0472, -0.4942,  0.1507, -0.322 ,
 -0.4607,  0.4457,  0.4608,  0.3091, -0.1843, -0.3886,  0.2149, -0.112 ]

=== [UPDATE] Epoch 16 | Best Acc: 33.00% ===
Model saved to: models\qml_model_20260529_102848_step_0.01_best.pt
Angles:
[-0.0769,  0.4516,  0.2529,  0.1849, -0.4484, -0.274 , -0.4881,  0.4611,
  0.2351,  0.1054, -0.473 ,  0.4728,  0.3307, -0.2813, -0.2525, -0.3752,
 -0.1414, -0.1085, -0.0626, -0.2097,  0.0956, -0.4136, -0.2373, -0.1346,
 -0.1253,  0.3096, -0.2509,  0.087 ,  0.0387, -0.509 ,  0.1689, -0.3203,
 -0.4696,  0.4456,  0.4484,  0.3012, -0.1793, -0.3874,  0.2222, -0.1283]

=== [UPDATE] Epoch 18 | Best Acc: 33.67% ===
Model saved to: models\qml_model_20260529_102848_step_0.01_best.pt
Angles:
[-0.0694,  0.4518,  0.2553,  0.1883, -0.4604, -0.2662, -0.4952,  0.4703,
  0.2514,  0.0895, -0.4741,  0.4729,  0.3246, -0.2816, -0.2479, -0.3754,
 -0.131 , -0.1204, -0.0584, -0.2047,  0.0912, -0.4201, -0.2423, -0.138 ,
 -0.1351,  0.3118, -0.2485,  0.0968,  0.0359, -0.5161,  0.1775, -0.3195,
 -0.474 ,  0.4458,  0.4421,  0.2974, -0.1773, -0.3874,  0.2243, -0.1355]

=== [UPDATE] Epoch 19 | Best Acc: 34.00% ===
Model saved to: models\qml_model_20260529_102848_step_0.01_best.pt
Angles:
[-0.0658,  0.4517,  0.2562,  0.1897, -0.4661, -0.2624, -0.4987,  0.4748,
  0.2593,  0.0817, -0.4745,  0.4729,  0.3209, -0.2819, -0.2455, -0.3748,
 -0.1258, -0.1259, -0.056 , -0.2018,  0.0889, -0.423 , -0.2445, -0.1397,
 -0.1399,  0.3126, -0.2479,  0.1018,  0.0348, -0.5198,  0.1819, -0.3195,
 -0.4762,  0.4457,  0.4388,  0.2955, -0.1766, -0.3877,  0.2249, -0.1391]

=== [UPDATE] Epoch 20 | Best Acc: 34.33% ===
Model saved to: models\qml_model_20260529_102848_step_0.01_best.pt
Angles:
[-0.062 ,  0.4519,  0.257 ,  0.1908, -0.4718, -0.2586, -0.5022,  0.4792,
  0.267 ,  0.074 , -0.4746,  0.4728,  0.3168, -0.2821, -0.2431, -0.3739,
 -0.1205, -0.1309, -0.0537, -0.1986,  0.0866, -0.4258, -0.2467, -0.1414,
 -0.1444,  0.3133, -0.2476,  0.1069,  0.0339, -0.5235,  0.186 , -0.3194,
 -0.4784,  0.4455,  0.4355,  0.2936, -0.1762, -0.388 ,  0.2254, -0.1425]

=== [UPDATE] Epoch 21 | Best Acc: 34.67% ===
Model saved to: models\qml_model_20260529_102848_step_0.01_best.pt
Angles:
[-0.0582,  0.4521,  0.2578,  0.1916, -0.477 , -0.2549, -0.5058,  0.4836,
  0.2744,  0.0662, -0.4748,  0.4728,  0.3124, -0.2822, -0.2411, -0.3725,
 -0.1151, -0.1355, -0.0514, -0.1953,  0.0842, -0.4286, -0.2488, -0.1435,
 -0.1489,  0.3139, -0.2474,  0.112 ,  0.0333, -0.5272,  0.1901, -0.3194,
 -0.4807,  0.4452,  0.4324,  0.2918, -0.1756, -0.3883,  0.2257, -0.1458]

=== [UPDATE] Epoch 22 | Best Acc: 36.67% ===
Model saved to: models\qml_model_20260529_102848_step_0.01_best.pt
Angles:
[-0.0545,  0.4523,  0.2583,  0.1921, -0.4821, -0.2513, -0.5094,  0.4879,
  0.2815,  0.0587, -0.4751,  0.4725,  0.3077, -0.2822, -0.2393, -0.3709,
 -0.1097, -0.1398, -0.049 , -0.1916,  0.0818, -0.4314, -0.2508, -0.1456,
 -0.1533,  0.3143, -0.2474,  0.1171,  0.0328, -0.5309,  0.1941, -0.3191,
 -0.4827,  0.4448,  0.4295,  0.2901, -0.1752, -0.3889,  0.2257, -0.1489]

