======================================================
 量子ハンター (完全PyTorch統合版) Step: 0.01
 Device: cuda | Seed: 42
======================================================

Epoch    1 | Cost: 2.265023 | Acc: 23.00% (Best: 23.00% @ Ep1) | Rev: 0/10
Epoch    2 | Cost: 2.071171 | Acc: 26.67% (Best: 26.67% @ Ep2) | Rev: 0/10
Epoch    3 | Cost: 2.056781 | Acc: 24.00% (Best: 26.67% @ Ep2) | Rev: 0/10
Epoch    4 | Cost: 2.047562 | Acc: 24.67% (Best: 26.67% @ Ep2) | Rev: 0/10
Epoch    5 | Cost: 2.034624 | Acc: 23.00% (Best: 26.67% @ Ep2) | Rev: 0/10
Epoch    6 | Cost: 2.007077 | Acc: 23.33% (Best: 26.67% @ Ep2) | Rev: 0/10
Epoch    7 | Cost: 1.982175 | Acc: 23.33% (Best: 26.67% @ Ep2) | Rev: 0/10
Epoch    8 | Cost: 1.957368 | Acc: 24.33% (Best: 26.67% @ Ep2) | Rev: 0/10
Epoch    9 | Cost: 1.928931 | Acc: 31.00% (Best: 31.00% @ Ep9) | Rev: 0/10
Epoch   10 | Cost: 1.885867 | Acc: 30.33% (Best: 31.00% @ Ep9) | Rev: 0/10
Epoch   11 | Cost: 1.878889 | Acc: 31.33% (Best: 31.33% @ Ep11) | Rev: 0/10
Epoch   12 | Cost: 1.864827 | Acc: 32.67% (Best: 32.67% @ Ep12) | Rev: 0/10
Epoch   13 | Cost: 1.853272 | Acc: 32.00% (Best: 32.67% @ Ep12) | Rev: 0/10
Epoch   14 | Cost: 1.839318 | Acc: 32.33% (Best: 32.67% @ Ep12) | Rev: 0/10
Epoch   15 | Cost: 1.826422 | Acc: 32.33% (Best: 32.67% @ Ep12) | Rev: 0/10
Epoch   16 | Cost: 1.817531 | Acc: 33.00% (Best: 33.00% @ Ep16) | Rev: 0/10
Epoch   17 | Cost: 1.807122 | Acc: 33.00% (Best: 33.00% @ Ep16) | Rev: 0/10
Epoch   18 | Cost: 1.797717 | Acc: 33.67% (Best: 33.67% @ Ep18) | Rev: 0/10
Epoch   19 | Cost: 1.784899 | Acc: 34.00% (Best: 34.00% @ Ep19) | Rev: 0/10
Epoch   20 | Cost: 1.772595 | Acc: 34.33% (Best: 34.33% @ Ep20) | Rev: 0/10
Epoch   21 | Cost: 1.772834 | Acc: 34.67% (Best: 34.67% @ Ep21) | Rev: 1/10
Epoch   22 | Cost: 1.754670 | Acc: 36.67% (Best: 36.67% @ Ep22) | Rev: 0/10
Epoch   23 | Cost: 1.736780 | Acc: 36.67% (Best: 36.67% @ Ep22) | Rev: 0/10
Epoch   24 | Cost: 1.741409 | Acc: 36.33% (Best: 36.67% @ Ep22) | Rev: 1/10
Epoch   25 | Cost: 1.714536 | Acc: 36.67% (Best: 36.67% @ Ep22) | Rev: 0/10
Epoch   26 | Cost: 1.725987 | Acc: 36.00% (Best: 36.67% @ Ep22) | Rev: 1/10
Epoch   27 | Cost: 1.705117 | Acc: 35.67% (Best: 36.67% @ Ep22) | Rev: 0/10
Epoch   28 | Cost: 1.703450 | Acc: 35.67% (Best: 36.67% @ Ep22) | Rev: 0/10
Epoch   29 | Cost: 1.695021 | Acc: 35.33% (Best: 36.67% @ Ep22) | Rev: 0/10
Epoch   30 | Cost: 1.690426 | Acc: 35.67% (Best: 36.67% @ Ep22) | Rev: 0/10
Epoch   31 | Cost: 1.676147 | Acc: 35.00% (Best: 36.67% @ Ep22) | Rev: 0/10
Epoch   32 | Cost: 1.679766 | Acc: 35.00% (Best: 36.67% @ Ep22) | Rev: 1/10
Epoch   33 | Cost: 1.674441 | Acc: 34.67% (Best: 36.67% @ Ep22) | Rev: 0/10
Epoch   34 | Cost: 1.672152 | Acc: 35.00% (Best: 36.67% @ Ep22) | Rev: 0/10
Epoch   35 | Cost: 1.652983 | Acc: 34.67% (Best: 36.67% @ Ep22) | Rev: 0/10
Epoch   36 | Cost: 1.658862 | Acc: 34.33% (Best: 36.67% @ Ep22) | Rev: 1/10
Epoch   37 | Cost: 1.656908 | Acc: 34.67% (Best: 36.67% @ Ep22) | Rev: 0/10
Epoch   38 | Cost: 1.653032 | Acc: 34.67% (Best: 36.67% @ Ep22) | Rev: 0/10
Epoch   39 | Cost: 1.654074 | Acc: 35.00% (Best: 36.67% @ Ep22) | Rev: 1/10
Epoch   40 | Cost: 1.647021 | Acc: 34.67% (Best: 36.67% @ Ep22) | Rev: 0/10
Epoch   41 | Cost: 1.647182 | Acc: 34.33% (Best: 36.67% @ Ep22) | Rev: 1/10
Epoch   42 | Cost: 1.642739 | Acc: 34.67% (Best: 36.67% @ Ep22) | Rev: 0/10
Epoch   43 | Cost: 1.649590 | Acc: 34.33% (Best: 36.67% @ Ep22) | Rev: 1/10
Epoch   44 | Cost: 1.639370 | Acc: 35.00% (Best: 36.67% @ Ep22) | Rev: 0/10
Epoch   45 | Cost: 1.637082 | Acc: 34.33% (Best: 36.67% @ Ep22) | Rev: 0/10
Epoch   46 | Cost: 1.633467 | Acc: 34.33% (Best: 36.67% @ Ep22) | Rev: 0/10
Epoch   47 | Cost: 1.632844 | Acc: 34.33% (Best: 36.67% @ Ep22) | Rev: 0/10
Epoch   48 | Cost: 1.624382 | Acc: 34.00% (Best: 36.67% @ Ep22) | Rev: 0/10
Epoch   49 | Cost: 1.628477 | Acc: 34.67% (Best: 36.67% @ Ep22) | Rev: 1/10
Epoch   50 | Cost: 1.620226 | Acc: 34.67% (Best: 36.67% @ Ep22) | Rev: 0/10
Epoch   51 | Cost: 1.615697 | Acc: 34.67% (Best: 36.67% @ Ep22) | Rev: 0/10
Epoch   52 | Cost: 1.626338 | Acc: 34.00% (Best: 36.67% @ Ep22) | Rev: 1/10
Epoch   53 | Cost: 1.616220 | Acc: 35.33% (Best: 36.67% @ Ep22) | Rev: 0/10
Epoch   54 | Cost: 1.612675 | Acc: 35.00% (Best: 36.67% @ Ep22) | Rev: 0/10
Epoch   55 | Cost: 1.609534 | Acc: 34.00% (Best: 36.67% @ Ep22) | Rev: 0/10
Epoch   56 | Cost: 1.619499 | Acc: 34.00% (Best: 36.67% @ Ep22) | Rev: 1/10
Epoch   57 | Cost: 1.609021 | Acc: 33.33% (Best: 36.67% @ Ep22) | Rev: 0/10
Epoch   58 | Cost: 1.614406 | Acc: 33.67% (Best: 36.67% @ Ep22) | Rev: 1/10
Epoch   59 | Cost: 1.612661 | Acc: 33.00% (Best: 36.67% @ Ep22) | Rev: 0/10
Epoch   60 | Cost: 1.611819 | Acc: 33.33% (Best: 36.67% @ Ep22) | Rev: 0/10
Epoch   61 | Cost: 1.609861 | Acc: 32.67% (Best: 36.67% @ Ep22) | Rev: 0/10
Epoch   62 | Cost: 1.602917 | Acc: 32.67% (Best: 36.67% @ Ep22) | Rev: 0/10
Epoch   63 | Cost: 1.597613 | Acc: 33.33% (Best: 36.67% @ Ep22) | Rev: 0/10
Epoch   64 | Cost: 1.602932 | Acc: 33.67% (Best: 36.67% @ Ep22) | Rev: 1/10
Epoch   65 | Cost: 1.594704 | Acc: 33.00% (Best: 36.67% @ Ep22) | Rev: 0/10
Epoch   66 | Cost: 1.590859 | Acc: 33.00% (Best: 36.67% @ Ep22) | Rev: 0/10
Epoch   67 | Cost: 1.595557 | Acc: 32.67% (Best: 36.67% @ Ep22) | Rev: 1/10
Epoch   68 | Cost: 1.595518 | Acc: 32.33% (Best: 36.67% @ Ep22) | Rev: 0/10
Epoch   69 | Cost: 1.603102 | Acc: 32.33% (Best: 36.67% @ Ep22) | Rev: 1/10
Epoch   70 | Cost: 1.589189 | Acc: 32.67% (Best: 36.67% @ Ep22) | Rev: 0/10
Epoch   71 | Cost: 1.592781 | Acc: 32.33% (Best: 36.67% @ Ep22) | Rev: 1/10
Epoch   72 | Cost: 1.589206 | Acc: 32.67% (Best: 36.67% @ Ep22) | Rev: 0/10
Epoch   73 | Cost: 1.591549 | Acc: 32.67% (Best: 36.67% @ Ep22) | Rev: 1/10
Epoch   74 | Cost: 1.589510 | Acc: 33.00% (Best: 36.67% @ Ep22) | Rev: 0/10
Epoch   75 | Cost: 1.589788 | Acc: 32.67% (Best: 36.67% @ Ep22) | Rev: 1/10
Epoch   76 | Cost: 1.587264 | Acc: 33.00% (Best: 36.67% @ Ep22) | Rev: 0/10
Epoch   77 | Cost: 1.585009 | Acc: 33.00% (Best: 36.67% @ Ep22) | Rev: 0/10
