======================================================
 量子ハンター・ワーカープロセス (Step Size: 1.0)
======================================================

Epoch   5 | Cost: 2.316361 | Acc: 10.00% (Best: 10.00% @ Ep5) | Rev: 0/3
Epoch  10 | Cost: 2.303195 | Acc: 8.00% (Best: 10.00% @ Ep5) | Rev: 0/3
Epoch  15 | Cost: 2.278908 | Acc: 10.00% (Best: 10.00% @ Ep5) | Rev: 0/3
Epoch  20 | Cost: 2.254282 | Acc: 10.00% (Best: 10.00% @ Ep5) | Rev: 0/3
Epoch  25 | Cost: 2.241455 | Acc: 10.00% (Best: 10.00% @ Ep5) | Rev: 0/3
Epoch  30 | Cost: 2.258413 | Acc: 10.00% (Best: 10.00% @ Ep5) | Rev: 1/3
Epoch  35 | Cost: 2.348796 | Acc: 14.00% (Best: 14.00% @ Ep35) | Rev: 2/3
Epoch  40 | Cost: 2.229019 | Acc: 22.00% (Best: 22.00% @ Ep40) | Rev: 0/3
Epoch  45 | Cost: 1.868890 | Acc: 24.00% (Best: 24.00% @ Ep45) | Rev: 0/3
Epoch  50 | Cost: 1.794640 | Acc: 28.00% (Best: 28.00% @ Ep50) | Rev: 0/3
Epoch  55 | Cost: 1.721918 | Acc: 28.00% (Best: 28.00% @ Ep50) | Rev: 0/3
Epoch  60 | Cost: 1.660655 | Acc: 26.00% (Best: 28.00% @ Ep50) | Rev: 0/3
Epoch  65 | Cost: 1.675131 | Acc: 30.00% (Best: 30.00% @ Ep65) | Rev: 1/3
Epoch  70 | Cost: 1.566798 | Acc: 34.00% (Best: 34.00% @ Ep70) | Rev: 0/3
Epoch  75 | Cost: 1.394081 | Acc: 28.00% (Best: 34.00% @ Ep70) | Rev: 0/3
Epoch  80 | Cost: 1.298015 | Acc: 36.00% (Best: 36.00% @ Ep80) | Rev: 0/3
Epoch  85 | Cost: 1.291002 | Acc: 34.00% (Best: 36.00% @ Ep80) | Rev: 0/3
Epoch  90 | Cost: 1.148264 | Acc: 36.00% (Best: 36.00% @ Ep80) | Rev: 0/3
Epoch  95 | Cost: 1.084699 | Acc: 32.00% (Best: 36.00% @ Ep80) | Rev: 0/3
Epoch 100 | Cost: 1.074743 | Acc: 24.00% (Best: 36.00% @ Ep80) | Rev: 0/3
Epoch 105 | Cost: 0.951757 | Acc: 28.00% (Best: 36.00% @ Ep80) | Rev: 0/3
Epoch 110 | Cost: 1.102451 | Acc: 24.00% (Best: 36.00% @ Ep80) | Rev: 1/3
Epoch 115 | Cost: 1.015756 | Acc: 32.00% (Best: 36.00% @ Ep80) | Rev: 0/3
Epoch 120 | Cost: 0.915761 | Acc: 30.00% (Best: 36.00% @ Ep80) | Rev: 0/3
