======================================================
 量子ハンター・ワーカープロセス (Step Size: 0.01)
======================================================

Epoch   5 | Cost: 2.161386 | Acc: 18.00% (Best: 18.00% @ Ep5) | Rev: 0/3
Epoch  10 | Cost: 1.843167 | Acc: 24.00% (Best: 24.00% @ Ep10) | Rev: 0/3
Epoch  15 | Cost: 1.527297 | Acc: 32.00% (Best: 32.00% @ Ep15) | Rev: 0/3
Epoch  20 | Cost: 1.281348 | Acc: 30.00% (Best: 32.00% @ Ep15) | Rev: 0/3
Epoch  25 | Cost: 1.130353 | Acc: 28.00% (Best: 32.00% @ Ep15) | Rev: 0/3
Epoch  30 | Cost: 1.023740 | Acc: 32.00% (Best: 32.00% @ Ep15) | Rev: 0/3
Epoch  35 | Cost: 0.912522 | Acc: 30.00% (Best: 32.00% @ Ep15) | Rev: 0/3
Epoch  40 | Cost: 0.814460 | Acc: 30.00% (Best: 32.00% @ Ep15) | Rev: 0/3
Epoch  45 | Cost: 0.724425 | Acc: 34.00% (Best: 34.00% @ Ep45) | Rev: 0/3
Epoch  50 | Cost: 0.639804 | Acc: 34.00% (Best: 34.00% @ Ep45) | Rev: 0/3
Epoch  55 | Cost: 0.564025 | Acc: 32.00% (Best: 34.00% @ Ep45) | Rev: 0/3
Epoch  60 | Cost: 0.496247 | Acc: 30.00% (Best: 34.00% @ Ep45) | Rev: 0/3
Epoch  65 | Cost: 0.423988 | Acc: 32.00% (Best: 34.00% @ Ep45) | Rev: 0/3
Epoch  70 | Cost: 0.367504 | Acc: 34.00% (Best: 34.00% @ Ep45) | Rev: 0/3
Epoch  75 | Cost: 0.305221 | Acc: 32.00% (Best: 34.00% @ Ep45) | Rev: 0/3
Epoch  80 | Cost: 0.255686 | Acc: 32.00% (Best: 34.00% @ Ep45) | Rev: 0/3
Epoch  85 | Cost: 0.211099 | Acc: 32.00% (Best: 34.00% @ Ep45) | Rev: 0/3
Epoch  90 | Cost: 0.172301 | Acc: 30.00% (Best: 34.00% @ Ep45) | Rev: 0/3
Epoch  95 | Cost: 0.139854 | Acc: 32.00% (Best: 34.00% @ Ep45) | Rev: 0/3
Epoch 100 | Cost: 0.114888 | Acc: 32.00% (Best: 34.00% @ Ep45) | Rev: 0/3
Epoch 105 | Cost: 0.091275 | Acc: 32.00% (Best: 34.00% @ Ep45) | Rev: 0/3
Epoch 110 | Cost: 0.072520 | Acc: 32.00% (Best: 34.00% @ Ep45) | Rev: 0/3
Epoch 115 | Cost: 0.059539 | Acc: 32.00% (Best: 34.00% @ Ep45) | Rev: 0/3
Epoch 120 | Cost: 0.051332 | Acc: 32.00% (Best: 34.00% @ Ep45) | Rev: 0/3
