======================================================
 量子ハンター・ワーカープロセス (Step Size: 0.001)
======================================================

Epoch   5 | Cost: 2.136223 | Acc: 27.00% (Best: 27.00% @ Ep5) | Rev: 0/3
Epoch  10 | Cost: 1.852680 | Acc: 31.00% (Best: 31.00% @ Ep10) | Rev: 0/3
Epoch  15 | Cost: 1.663637 | Acc: 33.00% (Best: 33.00% @ Ep15) | Rev: 0/3
Epoch  20 | Cost: 1.537859 | Acc: 38.00% (Best: 38.00% @ Ep20) | Rev: 0/3
Epoch  25 | Cost: 1.436633 | Acc: 35.00% (Best: 38.00% @ Ep20) | Rev: 0/3
Epoch  30 | Cost: 1.355114 | Acc: 38.00% (Best: 38.00% @ Ep20) | Rev: 0/3
Epoch  35 | Cost: 1.286642 | Acc: 39.00% (Best: 39.00% @ Ep35) | Rev: 0/3
Epoch  40 | Cost: 1.229527 | Acc: 43.00% (Best: 43.00% @ Ep40) | Rev: 0/3
Epoch  45 | Cost: 1.157070 | Acc: 42.00% (Best: 43.00% @ Ep40) | Rev: 0/3
Epoch  50 | Cost: 1.067909 | Acc: 46.00% (Best: 46.00% @ Ep50) | Rev: 0/3
Epoch  55 | Cost: 0.988767 | Acc: 46.00% (Best: 46.00% @ Ep50) | Rev: 0/3
Epoch  60 | Cost: 0.929658 | Acc: 46.00% (Best: 46.00% @ Ep50) | Rev: 0/3
Epoch  65 | Cost: 0.873700 | Acc: 44.00% (Best: 46.00% @ Ep50) | Rev: 0/3
Epoch  70 | Cost: 0.819433 | Acc: 44.00% (Best: 46.00% @ Ep50) | Rev: 0/3
Epoch  75 | Cost: 0.766502 | Acc: 42.00% (Best: 46.00% @ Ep50) | Rev: 0/3
Epoch  80 | Cost: 0.713232 | Acc: 42.00% (Best: 46.00% @ Ep50) | Rev: 0/3
Epoch  85 | Cost: 0.659930 | Acc: 42.00% (Best: 46.00% @ Ep50) | Rev: 0/3
Epoch  90 | Cost: 0.610017 | Acc: 41.00% (Best: 46.00% @ Ep50) | Rev: 0/3
Epoch  95 | Cost: 0.562969 | Acc: 41.00% (Best: 46.00% @ Ep50) | Rev: 0/3
Epoch 100 | Cost: 0.520323 | Acc: 38.00% (Best: 46.00% @ Ep50) | Rev: 0/3
Epoch 105 | Cost: 0.478434 | Acc: 39.00% (Best: 46.00% @ Ep50) | Rev: 0/3
Epoch 110 | Cost: 0.439602 | Acc: 38.00% (Best: 46.00% @ Ep50) | Rev: 0/3
Epoch 115 | Cost: 0.403925 | Acc: 38.00% (Best: 46.00% @ Ep50) | Rev: 0/3
Epoch 120 | Cost: 0.370668 | Acc: 36.00% (Best: 46.00% @ Ep50) | Rev: 0/3
Epoch 125 | Cost: 0.340701 | Acc: 37.00% (Best: 46.00% @ Ep50) | Rev: 0/3
Epoch 130 | Cost: 0.312648 | Acc: 37.00% (Best: 46.00% @ Ep50) | Rev: 0/3
Epoch 135 | Cost: 0.286550 | Acc: 37.00% (Best: 46.00% @ Ep50) | Rev: 0/3
Epoch 140 | Cost: 0.263445 | Acc: 37.00% (Best: 46.00% @ Ep50) | Rev: 0/3
Epoch 145 | Cost: 0.239814 | Acc: 38.00% (Best: 46.00% @ Ep50) | Rev: 0/3
Epoch 150 | Cost: 0.219142 | Acc: 38.00% (Best: 46.00% @ Ep50) | Rev: 0/3
Epoch 155 | Cost: 0.200482 | Acc: 38.00% (Best: 46.00% @ Ep50) | Rev: 0/3
Epoch 160 | Cost: 0.182343 | Acc: 38.00% (Best: 46.00% @ Ep50) | Rev: 0/3
Epoch 165 | Cost: 0.166883 | Acc: 39.00% (Best: 46.00% @ Ep50) | Rev: 0/3
Epoch 170 | Cost: 0.152867 | Acc: 39.00% (Best: 46.00% @ Ep50) | Rev: 0/3
Epoch 175 | Cost: 0.139243 | Acc: 38.00% (Best: 46.00% @ Ep50) | Rev: 0/3
Epoch 180 | Cost: 0.127170 | Acc: 38.00% (Best: 46.00% @ Ep50) | Rev: 0/3
Epoch 185 | Cost: 0.116079 | Acc: 38.00% (Best: 46.00% @ Ep50) | Rev: 0/3
Epoch 190 | Cost: 0.105562 | Acc: 38.00% (Best: 46.00% @ Ep50) | Rev: 0/3
Epoch 195 | Cost: 0.096288 | Acc: 38.00% (Best: 46.00% @ Ep50) | Rev: 0/3
Epoch 200 | Cost: 0.087772 | Acc: 38.00% (Best: 46.00% @ Ep50) | Rev: 0/3
Epoch 205 | Cost: 0.079494 | Acc: 38.00% (Best: 46.00% @ Ep50) | Rev: 0/3
Epoch 210 | Cost: 0.072157 | Acc: 38.00% (Best: 46.00% @ Ep50) | Rev: 0/3
Epoch 215 | Cost: 0.065372 | Acc: 37.00% (Best: 46.00% @ Ep50) | Rev: 0/3
Epoch 220 | Cost: 0.059194 | Acc: 38.00% (Best: 46.00% @ Ep50) | Rev: 0/3
Epoch 225 | Cost: 0.053437 | Acc: 38.00% (Best: 46.00% @ Ep50) | Rev: 0/3
Epoch 230 | Cost: 0.048428 | Acc: 38.00% (Best: 46.00% @ Ep50) | Rev: 0/3
Epoch 235 | Cost: 0.044006 | Acc: 38.00% (Best: 46.00% @ Ep50) | Rev: 0/3
Epoch 240 | Cost: 0.039881 | Acc: 39.00% (Best: 46.00% @ Ep50) | Rev: 0/3
Epoch 245 | Cost: 0.036199 | Acc: 39.00% (Best: 46.00% @ Ep50) | Rev: 0/3
Epoch 250 | Cost: 0.033392 | Acc: 39.00% (Best: 46.00% @ Ep50) | Rev: 0/3
Epoch 255 | Cost: 0.030537 | Acc: 39.00% (Best: 46.00% @ Ep50) | Rev: 0/3
Epoch 260 | Cost: 0.028054 | Acc: 39.00% (Best: 46.00% @ Ep50) | Rev: 0/3
Epoch 265 | Cost: 0.025842 | Acc: 38.00% (Best: 46.00% @ Ep50) | Rev: 0/3
Epoch 270 | Cost: 0.023976 | Acc: 38.00% (Best: 46.00% @ Ep50) | Rev: 0/3
Epoch 275 | Cost: 0.022026 | Acc: 37.00% (Best: 46.00% @ Ep50) | Rev: 0/3
Epoch 280 | Cost: 0.020494 | Acc: 37.00% (Best: 46.00% @ Ep50) | Rev: 0/3
Epoch 285 | Cost: 0.019098 | Acc: 38.00% (Best: 46.00% @ Ep50) | Rev: 0/3
Epoch 290 | Cost: 0.017856 | Acc: 38.00% (Best: 46.00% @ Ep50) | Rev: 0/3
Epoch 295 | Cost: 0.016712 | Acc: 39.00% (Best: 46.00% @ Ep50) | Rev: 0/3
Epoch 300 | Cost: 0.015644 | Acc: 39.00% (Best: 46.00% @ Ep50) | Rev: 0/3
Epoch 305 | Cost: 0.014917 | Acc: 39.00% (Best: 46.00% @ Ep50) | Rev: 0/3
Epoch 310 | Cost: 0.013895 | Acc: 39.00% (Best: 46.00% @ Ep50) | Rev: 0/3
Epoch 315 | Cost: 0.013139 | Acc: 39.00% (Best: 46.00% @ Ep50) | Rev: 0/3
Epoch 320 | Cost: 0.012490 | Acc: 39.00% (Best: 46.00% @ Ep50) | Rev: 0/3
Epoch 325 | Cost: 0.011771 | Acc: 39.00% (Best: 46.00% @ Ep50) | Rev: 0/3
Epoch 330 | Cost: 0.011130 | Acc: 39.00% (Best: 46.00% @ Ep50) | Rev: 0/3
Epoch 335 | Cost: 0.010643 | Acc: 39.00% (Best: 46.00% @ Ep50) | Rev: 0/3
Epoch 340 | Cost: 0.010024 | Acc: 39.00% (Best: 46.00% @ Ep50) | Rev: 0/3
Epoch 345 | Cost: 0.009531 | Acc: 39.00% (Best: 46.00% @ Ep50) | Rev: 0/3
Epoch 350 | Cost: 0.009063 | Acc: 39.00% (Best: 46.00% @ Ep50) | Rev: 0/3
Epoch 355 | Cost: 0.008659 | Acc: 39.00% (Best: 46.00% @ Ep50) | Rev: 0/3
Epoch 360 | Cost: 0.008269 | Acc: 39.00% (Best: 46.00% @ Ep50) | Rev: 0/3
Epoch 365 | Cost: 0.007851 | Acc: 39.00% (Best: 46.00% @ Ep50) | Rev: 0/3
Epoch 370 | Cost: 0.007498 | Acc: 38.00% (Best: 46.00% @ Ep50) | Rev: 0/3
Epoch 375 | Cost: 0.007223 | Acc: 38.00% (Best: 46.00% @ Ep50) | Rev: 0/3
Epoch 380 | Cost: 0.006884 | Acc: 38.00% (Best: 46.00% @ Ep50) | Rev: 0/3
Epoch 385 | Cost: 0.006585 | Acc: 38.00% (Best: 46.00% @ Ep50) | Rev: 0/3
