======================================================
 量子ハンター・ワーカープロセス (Step Size: 0.5)
======================================================

Epoch   5 | Cost: 2.176034 | Acc: 26.00% (Best: 26.00% @ Ep5) | Rev: 0/3
Epoch  10 | Cost: 1.956269 | Acc: 30.00% (Best: 30.00% @ Ep10) | Rev: 0/3
Epoch  15 | Cost: 1.818748 | Acc: 28.00% (Best: 30.00% @ Ep10) | Rev: 0/3
Epoch  20 | Cost: 1.727876 | Acc: 34.00% (Best: 34.00% @ Ep20) | Rev: 0/3
Epoch  25 | Cost: 1.697726 | Acc: 32.00% (Best: 34.00% @ Ep20) | Rev: 0/3
Epoch  30 | Cost: 1.645781 | Acc: 34.00% (Best: 34.00% @ Ep20) | Rev: 0/3
Epoch  35 | Cost: 1.584404 | Acc: 30.00% (Best: 34.00% @ Ep20) | Rev: 0/3
Epoch  40 | Cost: 1.550092 | Acc: 30.00% (Best: 34.00% @ Ep20) | Rev: 0/3
Epoch  45 | Cost: 1.471556 | Acc: 37.00% (Best: 37.00% @ Ep45) | Rev: 0/3
Epoch  50 | Cost: 1.379177 | Acc: 38.00% (Best: 38.00% @ Ep50) | Rev: 0/3
Epoch  55 | Cost: 1.263972 | Acc: 46.00% (Best: 46.00% @ Ep55) | Rev: 0/3
Epoch  60 | Cost: 1.174096 | Acc: 38.00% (Best: 46.00% @ Ep55) | Rev: 0/3
Epoch  65 | Cost: 1.103847 | Acc: 41.00% (Best: 46.00% @ Ep55) | Rev: 0/3
Epoch  70 | Cost: 1.075941 | Acc: 43.00% (Best: 46.00% @ Ep55) | Rev: 0/3
Epoch  75 | Cost: 0.990479 | Acc: 41.00% (Best: 46.00% @ Ep55) | Rev: 0/3
Epoch  80 | Cost: 0.940938 | Acc: 45.00% (Best: 46.00% @ Ep55) | Rev: 0/3
Epoch  85 | Cost: 0.921920 | Acc: 42.00% (Best: 46.00% @ Ep55) | Rev: 0/3
Epoch  90 | Cost: 0.839894 | Acc: 45.00% (Best: 46.00% @ Ep55) | Rev: 0/3
Epoch  95 | Cost: 0.825223 | Acc: 43.00% (Best: 46.00% @ Ep55) | Rev: 0/3
Epoch 100 | Cost: 0.771035 | Acc: 44.00% (Best: 46.00% @ Ep55) | Rev: 0/3
Epoch 105 | Cost: 0.781901 | Acc: 44.00% (Best: 46.00% @ Ep55) | Rev: 1/3
Epoch 110 | Cost: 0.772045 | Acc: 43.00% (Best: 46.00% @ Ep55) | Rev: 0/3
Epoch 115 | Cost: 0.723660 | Acc: 42.00% (Best: 46.00% @ Ep55) | Rev: 0/3
Epoch 120 | Cost: 0.744403 | Acc: 45.00% (Best: 46.00% @ Ep55) | Rev: 1/3
Epoch 125 | Cost: 0.673398 | Acc: 43.00% (Best: 46.00% @ Ep55) | Rev: 0/3
Epoch 130 | Cost: 0.690752 | Acc: 39.00% (Best: 46.00% @ Ep55) | Rev: 1/3
Epoch 135 | Cost: 0.642883 | Acc: 40.00% (Best: 46.00% @ Ep55) | Rev: 0/3
Epoch 140 | Cost: 0.639206 | Acc: 41.00% (Best: 46.00% @ Ep55) | Rev: 0/3
Epoch 145 | Cost: 0.610067 | Acc: 42.00% (Best: 46.00% @ Ep55) | Rev: 0/3
Epoch 150 | Cost: 0.619025 | Acc: 40.00% (Best: 46.00% @ Ep55) | Rev: 1/3
Epoch 155 | Cost: 0.578222 | Acc: 36.00% (Best: 46.00% @ Ep55) | Rev: 0/3
Epoch 160 | Cost: 0.601186 | Acc: 43.00% (Best: 46.00% @ Ep55) | Rev: 1/3
Epoch 165 | Cost: 0.512789 | Acc: 42.00% (Best: 46.00% @ Ep55) | Rev: 0/3
Epoch 170 | Cost: 0.508804 | Acc: 41.00% (Best: 46.00% @ Ep55) | Rev: 0/3
Epoch 175 | Cost: 0.527881 | Acc: 44.00% (Best: 46.00% @ Ep55) | Rev: 1/3
Epoch 180 | Cost: 0.480735 | Acc: 44.00% (Best: 46.00% @ Ep55) | Rev: 0/3
Epoch 185 | Cost: 0.548628 | Acc: 40.00% (Best: 46.00% @ Ep55) | Rev: 1/3
Epoch 190 | Cost: 0.422673 | Acc: 43.00% (Best: 46.00% @ Ep55) | Rev: 0/3
Epoch 195 | Cost: 0.475746 | Acc: 41.00% (Best: 46.00% @ Ep55) | Rev: 1/3
Epoch 200 | Cost: 0.468516 | Acc: 40.00% (Best: 46.00% @ Ep55) | Rev: 0/3
Epoch 205 | Cost: 0.472879 | Acc: 41.00% (Best: 46.00% @ Ep55) | Rev: 1/3
Epoch 210 | Cost: 0.472097 | Acc: 43.00% (Best: 46.00% @ Ep55) | Rev: 0/3
Epoch 215 | Cost: 0.396926 | Acc: 42.00% (Best: 46.00% @ Ep55) | Rev: 0/3
Epoch 220 | Cost: 0.431226 | Acc: 43.00% (Best: 46.00% @ Ep55) | Rev: 1/3
Epoch 225 | Cost: 0.444454 | Acc: 45.00% (Best: 46.00% @ Ep55) | Rev: 2/3
Epoch 230 | Cost: 0.457261 | Acc: 46.00% (Best: 46.00% @ Ep55) | Rev: 3/3
