======================================================
 量子ハンター・ワーカープロセス (Step Size: 1e-14)
======================================================

Epoch   5 | Cost: 2.136203 | Acc: 27.00% (Best: 27.00% @ Ep5) | Rev: 0/3
Epoch  10 | Cost: 1.852629 | Acc: 31.00% (Best: 31.00% @ Ep10) | Rev: 0/3
Epoch  15 | Cost: 1.663528 | Acc: 34.00% (Best: 34.00% @ Ep15) | Rev: 0/3
Epoch  20 | Cost: 1.537902 | Acc: 38.00% (Best: 38.00% @ Ep20) | Rev: 0/3
Epoch  25 | Cost: 1.437016 | Acc: 35.00% (Best: 38.00% @ Ep20) | Rev: 0/3
Epoch  30 | Cost: 1.355574 | Acc: 39.00% (Best: 39.00% @ Ep30) | Rev: 0/3
Epoch  35 | Cost: 1.287552 | Acc: 40.00% (Best: 40.00% @ Ep35) | Rev: 0/3
Epoch  40 | Cost: 1.231125 | Acc: 43.00% (Best: 43.00% @ Ep40) | Rev: 0/3
Epoch  45 | Cost: 1.159676 | Acc: 42.00% (Best: 43.00% @ Ep40) | Rev: 0/3
Epoch  50 | Cost: 1.071118 | Acc: 46.00% (Best: 46.00% @ Ep50) | Rev: 0/3
Epoch  55 | Cost: 0.989876 | Acc: 46.00% (Best: 46.00% @ Ep50) | Rev: 0/3
Epoch  60 | Cost: 0.929401 | Acc: 45.00% (Best: 46.00% @ Ep50) | Rev: 0/3
Epoch  65 | Cost: 0.872304 | Acc: 44.00% (Best: 46.00% @ Ep50) | Rev: 0/3
Epoch  70 | Cost: 0.817748 | Acc: 43.00% (Best: 46.00% @ Ep50) | Rev: 0/3
Epoch  75 | Cost: 0.764083 | Acc: 44.00% (Best: 46.00% @ Ep50) | Rev: 0/3
Epoch  80 | Cost: 0.710427 | Acc: 42.00% (Best: 46.00% @ Ep50) | Rev: 0/3
Epoch  85 | Cost: 0.657703 | Acc: 42.00% (Best: 46.00% @ Ep50) | Rev: 0/3
Epoch  90 | Cost: 0.607598 | Acc: 40.00% (Best: 46.00% @ Ep50) | Rev: 0/3
Epoch  95 | Cost: 0.561020 | Acc: 40.00% (Best: 46.00% @ Ep50) | Rev: 0/3
Epoch 100 | Cost: 0.517726 | Acc: 40.00% (Best: 46.00% @ Ep50) | Rev: 0/3
Epoch 105 | Cost: 0.476973 | Acc: 38.00% (Best: 46.00% @ Ep50) | Rev: 0/3
Epoch 110 | Cost: 0.438704 | Acc: 38.00% (Best: 46.00% @ Ep50) | Rev: 0/3
Epoch 115 | Cost: 0.403259 | Acc: 38.00% (Best: 46.00% @ Ep50) | Rev: 0/3
Epoch 120 | Cost: 0.370341 | Acc: 36.00% (Best: 46.00% @ Ep50) | Rev: 0/3
Epoch 125 | Cost: 0.340393 | Acc: 37.00% (Best: 46.00% @ Ep50) | Rev: 0/3
Epoch 130 | Cost: 0.313297 | Acc: 38.00% (Best: 46.00% @ Ep50) | Rev: 0/3
Epoch 135 | Cost: 0.287329 | Acc: 37.00% (Best: 46.00% @ Ep50) | Rev: 0/3
Epoch 140 | Cost: 0.267267 | Acc: 37.00% (Best: 46.00% @ Ep50) | Rev: 0/3
Epoch 145 | Cost: 0.242885 | Acc: 38.00% (Best: 46.00% @ Ep50) | Rev: 0/3
Epoch 150 | Cost: 0.222812 | Acc: 39.00% (Best: 46.00% @ Ep50) | Rev: 0/3
Epoch 155 | Cost: 0.203287 | Acc: 38.00% (Best: 46.00% @ Ep50) | Rev: 0/3
Epoch 160 | Cost: 0.186235 | Acc: 38.00% (Best: 46.00% @ Ep50) | Rev: 0/3
Epoch 165 | Cost: 0.170231 | Acc: 39.00% (Best: 46.00% @ Ep50) | Rev: 0/3
Epoch 170 | Cost: 0.156044 | Acc: 39.00% (Best: 46.00% @ Ep50) | Rev: 0/3
Epoch 175 | Cost: 0.144156 | Acc: 38.00% (Best: 46.00% @ Ep50) | Rev: 0/3
Epoch 180 | Cost: 0.131363 | Acc: 39.00% (Best: 46.00% @ Ep50) | Rev: 0/3
Epoch 185 | Cost: 0.120228 | Acc: 39.00% (Best: 46.00% @ Ep50) | Rev: 0/3
Epoch 190 | Cost: 0.110079 | Acc: 39.00% (Best: 46.00% @ Ep50) | Rev: 0/3
Epoch 195 | Cost: 0.100867 | Acc: 39.00% (Best: 46.00% @ Ep50) | Rev: 0/3
Epoch 200 | Cost: 0.092335 | Acc: 39.00% (Best: 46.00% @ Ep50) | Rev: 0/3
Epoch 205 | Cost: 0.084438 | Acc: 39.00% (Best: 46.00% @ Ep50) | Rev: 0/3
Epoch 210 | Cost: 0.077168 | Acc: 39.00% (Best: 46.00% @ Ep50) | Rev: 0/3
Epoch 215 | Cost: 0.070440 | Acc: 39.00% (Best: 46.00% @ Ep50) | Rev: 0/3
Epoch 220 | Cost: 0.064230 | Acc: 38.00% (Best: 46.00% @ Ep50) | Rev: 0/3
Epoch 225 | Cost: 0.058462 | Acc: 38.00% (Best: 46.00% @ Ep50) | Rev: 0/3
Epoch 230 | Cost: 0.053186 | Acc: 37.00% (Best: 46.00% @ Ep50) | Rev: 0/3
Epoch 235 | Cost: 0.048372 | Acc: 38.00% (Best: 46.00% @ Ep50) | Rev: 0/3
Epoch 240 | Cost: 0.044031 | Acc: 37.00% (Best: 46.00% @ Ep50) | Rev: 0/3
Epoch 245 | Cost: 0.040134 | Acc: 37.00% (Best: 46.00% @ Ep50) | Rev: 0/3
Epoch 250 | Cost: 0.036610 | Acc: 37.00% (Best: 46.00% @ Ep50) | Rev: 0/3
Epoch 255 | Cost: 0.033424 | Acc: 37.00% (Best: 46.00% @ Ep50) | Rev: 0/3
Epoch 260 | Cost: 0.030640 | Acc: 37.00% (Best: 46.00% @ Ep50) | Rev: 0/3
Epoch 265 | Cost: 0.028133 | Acc: 36.00% (Best: 46.00% @ Ep50) | Rev: 0/3
Epoch 270 | Cost: 0.025918 | Acc: 36.00% (Best: 46.00% @ Ep50) | Rev: 0/3
Epoch 275 | Cost: 0.023937 | Acc: 37.00% (Best: 46.00% @ Ep50) | Rev: 0/3
Epoch 280 | Cost: 0.022172 | Acc: 38.00% (Best: 46.00% @ Ep50) | Rev: 0/3
Epoch 285 | Cost: 0.020594 | Acc: 38.00% (Best: 46.00% @ Ep50) | Rev: 0/3
Epoch 290 | Cost: 0.019179 | Acc: 38.00% (Best: 46.00% @ Ep50) | Rev: 0/3
Epoch 295 | Cost: 0.017906 | Acc: 38.00% (Best: 46.00% @ Ep50) | Rev: 0/3
Epoch 300 | Cost: 0.016757 | Acc: 38.00% (Best: 46.00% @ Ep50) | Rev: 0/3
Epoch 305 | Cost: 0.015718 | Acc: 38.00% (Best: 46.00% @ Ep50) | Rev: 0/3
Epoch 310 | Cost: 0.014773 | Acc: 38.00% (Best: 46.00% @ Ep50) | Rev: 0/3
Epoch 315 | Cost: 0.013912 | Acc: 38.00% (Best: 46.00% @ Ep50) | Rev: 0/3
Epoch 320 | Cost: 0.013124 | Acc: 38.00% (Best: 46.00% @ Ep50) | Rev: 0/3
Epoch 325 | Cost: 0.012402 | Acc: 38.00% (Best: 46.00% @ Ep50) | Rev: 0/3
Epoch 330 | Cost: 0.011737 | Acc: 38.00% (Best: 46.00% @ Ep50) | Rev: 0/3
Epoch 335 | Cost: 0.011123 | Acc: 38.00% (Best: 46.00% @ Ep50) | Rev: 0/3
Epoch 340 | Cost: 0.010556 | Acc: 38.00% (Best: 46.00% @ Ep50) | Rev: 0/3
Epoch 345 | Cost: 0.010029 | Acc: 38.00% (Best: 46.00% @ Ep50) | Rev: 0/3
Epoch 350 | Cost: 0.009540 | Acc: 38.00% (Best: 46.00% @ Ep50) | Rev: 0/3
Epoch 355 | Cost: 0.009084 | Acc: 39.00% (Best: 46.00% @ Ep50) | Rev: 0/3
Epoch 360 | Cost: 0.008658 | Acc: 39.00% (Best: 46.00% @ Ep50) | Rev: 0/3
Epoch 365 | Cost: 0.008260 | Acc: 39.00% (Best: 46.00% @ Ep50) | Rev: 0/3
Epoch 370 | Cost: 0.007887 | Acc: 39.00% (Best: 46.00% @ Ep50) | Rev: 0/3
Epoch 375 | Cost: 0.007537 | Acc: 39.00% (Best: 46.00% @ Ep50) | Rev: 0/3
Epoch 380 | Cost: 0.007208 | Acc: 39.00% (Best: 46.00% @ Ep50) | Rev: 0/3
Epoch 385 | Cost: 0.006898 | Acc: 39.00% (Best: 46.00% @ Ep50) | Rev: 0/3
Epoch 390 | Cost: 0.006606 | Acc: 39.00% (Best: 46.00% @ Ep50) | Rev: 0/3
