======================================================
 量子ハンター・ワーカープロセス (Step Size: 1.0)
======================================================

Epoch   5 | Cost: 2.280015 | Acc: 11.00% (Best: 11.00% @ Ep5) | Rev: 0/3
Epoch  10 | Cost: 2.201351 | Acc: 11.00% (Best: 11.00% @ Ep5) | Rev: 0/3
Epoch  15 | Cost: 2.138357 | Acc: 13.00% (Best: 13.00% @ Ep15) | Rev: 0/3
Epoch  20 | Cost: 2.059877 | Acc: 21.00% (Best: 21.00% @ Ep20) | Rev: 0/3
Epoch  25 | Cost: 1.969230 | Acc: 26.00% (Best: 26.00% @ Ep25) | Rev: 0/3
Epoch  30 | Cost: 1.949594 | Acc: 20.00% (Best: 26.00% @ Ep25) | Rev: 0/3
Epoch  35 | Cost: 1.896038 | Acc: 26.00% (Best: 26.00% @ Ep25) | Rev: 0/3
Epoch  40 | Cost: 1.853678 | Acc: 18.00% (Best: 26.00% @ Ep25) | Rev: 0/3
Epoch  45 | Cost: 1.861420 | Acc: 19.00% (Best: 26.00% @ Ep25) | Rev: 1/3
Epoch  50 | Cost: 1.829255 | Acc: 25.00% (Best: 26.00% @ Ep25) | Rev: 0/3
Epoch  55 | Cost: 1.770284 | Acc: 22.00% (Best: 26.00% @ Ep25) | Rev: 0/3
Epoch  60 | Cost: 1.740525 | Acc: 29.00% (Best: 29.00% @ Ep60) | Rev: 0/3
Epoch  65 | Cost: 1.697829 | Acc: 30.00% (Best: 30.00% @ Ep65) | Rev: 0/3
Epoch  70 | Cost: 1.623084 | Acc: 33.00% (Best: 33.00% @ Ep70) | Rev: 0/3
Epoch  75 | Cost: 1.605948 | Acc: 34.00% (Best: 34.00% @ Ep75) | Rev: 0/3
Epoch  80 | Cost: 1.555335 | Acc: 32.00% (Best: 34.00% @ Ep75) | Rev: 0/3
Epoch  85 | Cost: 1.479390 | Acc: 29.00% (Best: 34.00% @ Ep75) | Rev: 0/3
Epoch  90 | Cost: 1.456757 | Acc: 32.00% (Best: 34.00% @ Ep75) | Rev: 0/3
Epoch  95 | Cost: 1.436571 | Acc: 33.00% (Best: 34.00% @ Ep75) | Rev: 0/3
Epoch 100 | Cost: 1.380308 | Acc: 28.00% (Best: 34.00% @ Ep75) | Rev: 0/3
Epoch 105 | Cost: 1.460741 | Acc: 27.00% (Best: 34.00% @ Ep75) | Rev: 1/3
Epoch 110 | Cost: 1.415889 | Acc: 28.00% (Best: 34.00% @ Ep75) | Rev: 0/3
Epoch 115 | Cost: 1.378006 | Acc: 33.00% (Best: 34.00% @ Ep75) | Rev: 0/3
Epoch 120 | Cost: 1.314788 | Acc: 33.00% (Best: 34.00% @ Ep75) | Rev: 0/3
Epoch 125 | Cost: 1.345902 | Acc: 36.00% (Best: 36.00% @ Ep125) | Rev: 1/3
Epoch 130 | Cost: 1.241866 | Acc: 32.00% (Best: 36.00% @ Ep125) | Rev: 0/3
Epoch 135 | Cost: 1.254293 | Acc: 40.00% (Best: 40.00% @ Ep135) | Rev: 1/3
Epoch 140 | Cost: 1.275802 | Acc: 31.00% (Best: 40.00% @ Ep135) | Rev: 2/3
Epoch 145 | Cost: 1.270335 | Acc: 33.00% (Best: 40.00% @ Ep135) | Rev: 0/3
Epoch 150 | Cost: 1.296286 | Acc: 30.00% (Best: 40.00% @ Ep135) | Rev: 1/3
Epoch 155 | Cost: 1.260792 | Acc: 29.00% (Best: 40.00% @ Ep135) | Rev: 0/3
Epoch 160 | Cost: 1.246193 | Acc: 28.00% (Best: 40.00% @ Ep135) | Rev: 0/3
Epoch 165 | Cost: 1.295678 | Acc: 34.00% (Best: 40.00% @ Ep135) | Rev: 1/3
Epoch 170 | Cost: 1.276794 | Acc: 27.00% (Best: 40.00% @ Ep135) | Rev: 0/3
Epoch 175 | Cost: 1.243875 | Acc: 29.00% (Best: 40.00% @ Ep135) | Rev: 0/3
Epoch 180 | Cost: 1.187394 | Acc: 31.00% (Best: 40.00% @ Ep135) | Rev: 0/3
Epoch 185 | Cost: 1.229441 | Acc: 32.00% (Best: 40.00% @ Ep135) | Rev: 1/3
Epoch 190 | Cost: 1.184513 | Acc: 36.00% (Best: 40.00% @ Ep135) | Rev: 0/3
Epoch 195 | Cost: 1.184372 | Acc: 36.00% (Best: 40.00% @ Ep135) | Rev: 0/3
Epoch 200 | Cost: 1.126983 | Acc: 34.00% (Best: 40.00% @ Ep135) | Rev: 0/3
Epoch 205 | Cost: 1.122302 | Acc: 32.00% (Best: 40.00% @ Ep135) | Rev: 0/3
Epoch 210 | Cost: 1.116336 | Acc: 36.00% (Best: 40.00% @ Ep135) | Rev: 0/3
Epoch 215 | Cost: 1.171863 | Acc: 36.00% (Best: 40.00% @ Ep135) | Rev: 1/3
Epoch 220 | Cost: 1.067044 | Acc: 31.00% (Best: 40.00% @ Ep135) | Rev: 0/3
Epoch 225 | Cost: 1.035386 | Acc: 32.00% (Best: 40.00% @ Ep135) | Rev: 0/3
Epoch 230 | Cost: 1.085436 | Acc: 39.00% (Best: 40.00% @ Ep135) | Rev: 1/3
Epoch 235 | Cost: 1.055193 | Acc: 41.00% (Best: 41.00% @ Ep235) | Rev: 0/3
Epoch 240 | Cost: 1.128074 | Acc: 40.00% (Best: 41.00% @ Ep235) | Rev: 1/3
Epoch 245 | Cost: 1.073849 | Acc: 39.00% (Best: 41.00% @ Ep235) | Rev: 0/3
Epoch 250 | Cost: 1.107713 | Acc: 37.00% (Best: 41.00% @ Ep235) | Rev: 1/3
Epoch 255 | Cost: 1.036913 | Acc: 35.00% (Best: 41.00% @ Ep235) | Rev: 0/3
Epoch 260 | Cost: 0.981302 | Acc: 34.00% (Best: 41.00% @ Ep235) | Rev: 0/3
Epoch 265 | Cost: 1.012398 | Acc: 39.00% (Best: 41.00% @ Ep235) | Rev: 1/3
Epoch 270 | Cost: 1.012245 | Acc: 39.00% (Best: 41.00% @ Ep235) | Rev: 0/3
Epoch 275 | Cost: 1.085043 | Acc: 38.00% (Best: 41.00% @ Ep235) | Rev: 1/3
Epoch 280 | Cost: 1.017298 | Acc: 37.00% (Best: 41.00% @ Ep235) | Rev: 0/3
Epoch 285 | Cost: 0.991941 | Acc: 40.00% (Best: 41.00% @ Ep235) | Rev: 0/3
Epoch 290 | Cost: 0.966937 | Acc: 34.00% (Best: 41.00% @ Ep235) | Rev: 0/3
Epoch 295 | Cost: 1.078093 | Acc: 34.00% (Best: 41.00% @ Ep235) | Rev: 1/3
