======================================================
 量子ハンター・ワーカープロセス (Step Size: 0.01)
======================================================

Epoch   5 | Cost: 2.136676 | Acc: 26.00% (Best: 26.00% @ Ep5) | Rev: 0/3
Epoch  10 | Cost: 1.852865 | Acc: 31.00% (Best: 31.00% @ Ep10) | Rev: 0/3
Epoch  15 | Cost: 1.664161 | Acc: 33.00% (Best: 33.00% @ Ep15) | Rev: 0/3
Epoch  20 | Cost: 1.538013 | Acc: 37.00% (Best: 37.00% @ Ep20) | Rev: 0/3
Epoch  25 | Cost: 1.438704 | Acc: 38.00% (Best: 38.00% @ Ep25) | Rev: 0/3
Epoch  30 | Cost: 1.357417 | Acc: 38.00% (Best: 38.00% @ Ep25) | Rev: 0/3
Epoch  35 | Cost: 1.286138 | Acc: 41.00% (Best: 41.00% @ Ep35) | Rev: 0/3
Epoch  40 | Cost: 1.234279 | Acc: 42.00% (Best: 42.00% @ Ep40) | Rev: 0/3
Epoch  45 | Cost: 1.169405 | Acc: 42.00% (Best: 42.00% @ Ep40) | Rev: 0/3
Epoch  50 | Cost: 1.088532 | Acc: 45.00% (Best: 45.00% @ Ep50) | Rev: 0/3
Epoch  55 | Cost: 0.997383 | Acc: 46.00% (Best: 46.00% @ Ep55) | Rev: 0/3
Epoch  60 | Cost: 0.933198 | Acc: 45.00% (Best: 46.00% @ Ep55) | Rev: 0/3
Epoch  65 | Cost: 0.870176 | Acc: 44.00% (Best: 46.00% @ Ep55) | Rev: 0/3
Epoch  70 | Cost: 0.815379 | Acc: 41.00% (Best: 46.00% @ Ep55) | Rev: 0/3
Epoch  75 | Cost: 0.763741 | Acc: 44.00% (Best: 46.00% @ Ep55) | Rev: 0/3
Epoch  80 | Cost: 0.711441 | Acc: 45.00% (Best: 46.00% @ Ep55) | Rev: 0/3
Epoch  85 | Cost: 0.655739 | Acc: 44.00% (Best: 46.00% @ Ep55) | Rev: 0/3
Epoch  90 | Cost: 0.611959 | Acc: 41.00% (Best: 46.00% @ Ep55) | Rev: 0/3
Epoch  95 | Cost: 0.561602 | Acc: 41.00% (Best: 46.00% @ Ep55) | Rev: 0/3
Epoch 100 | Cost: 0.525038 | Acc: 40.00% (Best: 46.00% @ Ep55) | Rev: 0/3
Epoch 105 | Cost: 0.482505 | Acc: 37.00% (Best: 46.00% @ Ep55) | Rev: 0/3
Epoch 110 | Cost: 0.448826 | Acc: 38.00% (Best: 46.00% @ Ep55) | Rev: 0/3
Epoch 115 | Cost: 0.417670 | Acc: 38.00% (Best: 46.00% @ Ep55) | Rev: 0/3
Epoch 120 | Cost: 0.384478 | Acc: 37.00% (Best: 46.00% @ Ep55) | Rev: 0/3
Epoch 125 | Cost: 0.354742 | Acc: 38.00% (Best: 46.00% @ Ep55) | Rev: 0/3
Epoch 130 | Cost: 0.326041 | Acc: 38.00% (Best: 46.00% @ Ep55) | Rev: 0/3
Epoch 135 | Cost: 0.305108 | Acc: 39.00% (Best: 46.00% @ Ep55) | Rev: 0/3
Epoch 140 | Cost: 0.284665 | Acc: 40.00% (Best: 46.00% @ Ep55) | Rev: 0/3
Epoch 145 | Cost: 0.261856 | Acc: 39.00% (Best: 46.00% @ Ep55) | Rev: 0/3
Epoch 150 | Cost: 0.242146 | Acc: 39.00% (Best: 46.00% @ Ep55) | Rev: 0/3
Epoch 155 | Cost: 0.222923 | Acc: 38.00% (Best: 46.00% @ Ep55) | Rev: 0/3
Epoch 160 | Cost: 0.215117 | Acc: 38.00% (Best: 46.00% @ Ep55) | Rev: 0/3
Epoch 165 | Cost: 0.190613 | Acc: 38.00% (Best: 46.00% @ Ep55) | Rev: 0/3
Epoch 170 | Cost: 0.177383 | Acc: 39.00% (Best: 46.00% @ Ep55) | Rev: 0/3
Epoch 175 | Cost: 0.164919 | Acc: 39.00% (Best: 46.00% @ Ep55) | Rev: 0/3
Epoch 180 | Cost: 0.152390 | Acc: 38.00% (Best: 46.00% @ Ep55) | Rev: 0/3
Epoch 185 | Cost: 0.140337 | Acc: 39.00% (Best: 46.00% @ Ep55) | Rev: 0/3
Epoch 190 | Cost: 0.133062 | Acc: 38.00% (Best: 46.00% @ Ep55) | Rev: 0/3
Epoch 195 | Cost: 0.124365 | Acc: 38.00% (Best: 46.00% @ Ep55) | Rev: 0/3
Epoch 200 | Cost: 0.115051 | Acc: 38.00% (Best: 46.00% @ Ep55) | Rev: 0/3
Epoch 205 | Cost: 0.108548 | Acc: 37.00% (Best: 46.00% @ Ep55) | Rev: 0/3
Epoch 210 | Cost: 0.098020 | Acc: 39.00% (Best: 46.00% @ Ep55) | Rev: 0/3
Epoch 215 | Cost: 0.092375 | Acc: 38.00% (Best: 46.00% @ Ep55) | Rev: 0/3
Epoch 220 | Cost: 0.089725 | Acc: 36.00% (Best: 46.00% @ Ep55) | Rev: 0/3
Epoch 225 | Cost: 0.084108 | Acc: 37.00% (Best: 46.00% @ Ep55) | Rev: 0/3
Epoch 230 | Cost: 0.078734 | Acc: 37.00% (Best: 46.00% @ Ep55) | Rev: 0/3
Epoch 235 | Cost: 0.072253 | Acc: 39.00% (Best: 46.00% @ Ep55) | Rev: 0/3
Epoch 240 | Cost: 0.070491 | Acc: 38.00% (Best: 46.00% @ Ep55) | Rev: 0/3
Epoch 245 | Cost: 0.063571 | Acc: 38.00% (Best: 46.00% @ Ep55) | Rev: 0/3
Epoch 250 | Cost: 0.058867 | Acc: 38.00% (Best: 46.00% @ Ep55) | Rev: 0/3
Epoch 255 | Cost: 0.058253 | Acc: 39.00% (Best: 46.00% @ Ep55) | Rev: 0/3
Epoch 260 | Cost: 0.055322 | Acc: 40.00% (Best: 46.00% @ Ep55) | Rev: 0/3
Epoch 265 | Cost: 0.050630 | Acc: 38.00% (Best: 46.00% @ Ep55) | Rev: 0/3
Epoch 270 | Cost: 0.046274 | Acc: 37.00% (Best: 46.00% @ Ep55) | Rev: 0/3
Epoch 275 | Cost: 0.043035 | Acc: 39.00% (Best: 46.00% @ Ep55) | Rev: 0/3
Epoch 280 | Cost: 0.040026 | Acc: 37.00% (Best: 46.00% @ Ep55) | Rev: 0/3
Epoch 285 | Cost: 0.035312 | Acc: 38.00% (Best: 46.00% @ Ep55) | Rev: 0/3
Epoch 290 | Cost: 0.036100 | Acc: 38.00% (Best: 46.00% @ Ep55) | Rev: 1/3
Epoch 295 | Cost: 0.031238 | Acc: 39.00% (Best: 46.00% @ Ep55) | Rev: 0/3
Epoch 300 | Cost: 0.030769 | Acc: 38.00% (Best: 46.00% @ Ep55) | Rev: 0/3
